2024-07-12 05:54:20.941 [info] Reading sessions from keychain...
2024-07-12 05:54:20.941 [info] Getting sessions for all scopes...
2024-07-12 05:54:20.941 [info] Got 0 sessions for ...
2024-07-12 05:54:20.941 [info] Getting sessions for all scopes...
2024-07-12 05:54:20.941 [info] Got 0 sessions for ...
2024-07-12 05:54:20.941 [info] Getting sessions for read:user,repo,user:email...
2024-07-12 05:54:20.941 [info] Got 0 sessions for read:user,repo,user:email...
2024-07-12 05:57:05.481 [info] Reading sessions from keychain...
2024-07-12 05:57:05.481 [info] Getting sessions for all scopes...
2024-07-12 05:57:05.481 [info] Got 0 sessions for ...
2024-07-12 05:57:05.481 [info] Getting sessions for all scopes...
2024-07-12 05:57:05.481 [info] Got 0 sessions for ...
2024-07-12 05:57:05.481 [info] Getting sessions for read:user,repo,user:email...
2024-07-12 05:57:05.481 [info] Got 0 sessions for read:user,repo,user:email...
2024-07-12 06:48:18.368 [info] Reading sessions from keychain...
2024-07-12 06:48:18.368 [info] Getting sessions for all scopes...
2024-07-12 06:48:18.368 [info] Got 0 sessions for ...
2024-07-12 06:48:18.368 [info] Getting sessions for all scopes...
2024-07-12 06:48:18.368 [info] Got 0 sessions for ...
2024-07-12 06:48:18.368 [info] Getting sessions for read:user,repo,user:email...
2024-07-12 06:48:18.368 [info] Got 0 sessions for read:user,repo,user:email...
