2024-07-12 05:54:18.342 [info] Added views:workbench.panel.markers.view in workbench.panel.markers
2024-07-12 05:54:18.342 [info] Added views:workbench.panel.output in workbench.panel.output
2024-07-12 05:54:18.342 [info] Added views:terminal in terminal
2024-07-12 05:54:18.342 [info] Added views:outline in workbench.view.explorer
2024-07-12 05:54:18.342 [info] Added views:workbench.scm in workbench.view.scm
2024-07-12 05:54:18.342 [info] Added views:workbench.view.search in workbench.view.search
2024-07-12 05:54:18.342 [info] Added views:timeline in workbench.view.explorer
2024-07-12 05:54:18.342 [info] Added views:workbench.explorer.emptyView in workbench.view.explorer
2024-07-12 05:54:18.547 [info] Added views:workbench.debug.variablesView,workbench.debug.watchExpressionsView,workbench.debug.callStackView,workbench.debug.breakPointsView in workbench.view.debug
2024-07-12 05:54:19.386 [info] Added views:projectsExplorerFavorites,projectManagerHelpAndFeedback in workbench.view.extension.project-manager
2024-07-12 05:54:19.387 [info] Added views:gitlens.views.home,gitlens.views.workspaces,gitlens.views.account in workbench.view.extension.gitlens
2024-07-12 05:54:19.387 [info] Added views:gitlens.views.commitDetails,gitlens.views.lineHistory,gitlens.views.fileHistory,gitlens.views.searchAndCompare in workbench.view.extension.gitlensInspect
2024-07-12 05:54:19.390 [info] Added views:gitlens.views.commits,gitlens.views.branches,gitlens.views.remotes,gitlens.views.stashes,gitlens.views.tags,gitlens.views.contributors in workbench.view.scm
2024-07-12 05:54:19.418 [info] Added views:~remote.forwardedPorts in ~remote.forwardedPortsContainer
2024-07-12 05:54:19.529 [info] Added views:workbench.panel.repl.view in workbench.panel.repl
2024-07-12 05:54:19.532 [info] Removed views:workbench.debug.breakPointsView,workbench.debug.callStackView,workbench.debug.watchExpressionsView,workbench.debug.variablesView from workbench.view.debug
2024-07-12 05:54:19.532 [info] Added views:workbench.debug.welcome in workbench.view.debug
2024-07-12 05:54:20.691 [info] Added views:projectsExplorerGit in workbench.view.extension.project-manager
2024-07-12 05:54:20.698 [info] Removed views:gitlens.views.workspaces from workbench.view.extension.gitlens
2024-07-12 05:54:20.703 [info] Removed views:gitlens.views.searchAndCompare,gitlens.views.fileHistory,gitlens.views.lineHistory,gitlens.views.commitDetails from workbench.view.extension.gitlensInspect
2024-07-12 05:54:20.703 [info] Removed views:gitlens.views.contributors,gitlens.views.tags,gitlens.views.stashes,gitlens.views.remotes,gitlens.views.branches,gitlens.views.commits from workbench.view.scm
2024-07-12 05:57:04.204 [info] Added views:workbench.panel.markers.view in workbench.panel.markers
2024-07-12 05:57:04.204 [info] Added views:workbench.panel.output in workbench.panel.output
2024-07-12 05:57:04.204 [info] Added views:terminal in terminal
2024-07-12 05:57:04.204 [info] Added views:outline in workbench.view.explorer
2024-07-12 05:57:04.204 [info] Added views:workbench.scm in workbench.view.scm
2024-07-12 05:57:04.204 [info] Added views:workbench.view.search in workbench.view.search
2024-07-12 05:57:04.204 [info] Added views:timeline in workbench.view.explorer
2024-07-12 05:57:04.204 [info] Added views:workbench.explorer.fileView in workbench.view.explorer
2024-07-12 05:57:04.391 [info] Added views:workbench.debug.variablesView,workbench.debug.watchExpressionsView,workbench.debug.callStackView,workbench.debug.breakPointsView in workbench.view.debug
2024-07-12 05:57:04.570 [info] Added views:projectsExplorerFavorites,projectManagerHelpAndFeedback in workbench.view.extension.project-manager
2024-07-12 05:57:04.571 [info] Added views:gitlens.views.home,gitlens.views.workspaces,gitlens.views.account in workbench.view.extension.gitlens
2024-07-12 05:57:04.571 [info] Added views:gitlens.views.commitDetails,gitlens.views.lineHistory,gitlens.views.fileHistory,gitlens.views.searchAndCompare in workbench.view.extension.gitlensInspect
2024-07-12 05:57:04.571 [info] Added views:gitlens.views.commits,gitlens.views.branches,gitlens.views.remotes,gitlens.views.stashes,gitlens.views.tags,gitlens.views.contributors in workbench.view.scm
2024-07-12 05:57:04.594 [info] Added views:~remote.forwardedPorts in ~remote.forwardedPortsContainer
2024-07-12 05:57:04.792 [info] Added views:workbench.panel.repl.view in workbench.panel.repl
2024-07-12 05:57:04.793 [info] Removed views:workbench.debug.breakPointsView,workbench.debug.callStackView,workbench.debug.watchExpressionsView,workbench.debug.variablesView from workbench.view.debug
2024-07-12 05:57:04.794 [info] Added views:workbench.debug.welcome in workbench.view.debug
2024-07-12 05:57:05.292 [info] Added views:projectsExplorerGit in workbench.view.extension.project-manager
2024-07-12 05:57:05.299 [info] Removed views:gitlens.views.workspaces from workbench.view.extension.gitlens
2024-07-12 05:57:05.301 [info] Removed views:gitlens.views.searchAndCompare,gitlens.views.fileHistory,gitlens.views.lineHistory,gitlens.views.commitDetails from workbench.view.extension.gitlensInspect
2024-07-12 05:57:05.302 [info] Removed views:gitlens.views.contributors,gitlens.views.tags,gitlens.views.stashes,gitlens.views.remotes,gitlens.views.branches,gitlens.views.commits from workbench.view.scm
2024-07-12 05:57:07.902 [info] Added views:gitlens.views.drafts,gitlens.views.workspaces in workbench.view.extension.gitlens
2024-07-12 05:57:08.052 [info] Added views:thunder-client-sidebar in workbench.view.extension.thunder-client
2024-07-12 06:48:17.368 [info] Added views:workbench.panel.markers.view in workbench.panel.markers
2024-07-12 06:48:17.368 [info] Added views:workbench.panel.output in workbench.panel.output
2024-07-12 06:48:17.368 [info] Added views:terminal in terminal
2024-07-12 06:48:17.368 [info] Added views:outline in workbench.view.explorer
2024-07-12 06:48:17.368 [info] Added views:workbench.scm in workbench.view.scm
2024-07-12 06:48:17.368 [info] Added views:workbench.view.search in workbench.view.search
2024-07-12 06:48:17.368 [info] Added views:timeline in workbench.view.explorer
2024-07-12 06:48:17.368 [info] Added views:workbench.explorer.fileView in workbench.view.explorer
2024-07-12 06:48:17.573 [info] Added views:projectsExplorerFavorites,projectManagerHelpAndFeedback in workbench.view.extension.project-manager
2024-07-12 06:48:17.573 [info] Added views:gitlens.views.home,gitlens.views.workspaces,gitlens.views.account in workbench.view.extension.gitlens
2024-07-12 06:48:17.574 [info] Added views:gitlens.views.commitDetails,gitlens.views.lineHistory,gitlens.views.fileHistory,gitlens.views.searchAndCompare in workbench.view.extension.gitlensInspect
2024-07-12 06:48:17.574 [info] Added views:gitlens.views.commits,gitlens.views.branches,gitlens.views.remotes,gitlens.views.stashes,gitlens.views.tags,gitlens.views.contributors in workbench.view.scm
2024-07-12 06:48:17.736 [info] Added views:workbench.debug.variablesView,workbench.debug.watchExpressionsView,workbench.debug.callStackView,workbench.debug.breakPointsView in workbench.view.debug
2024-07-12 06:48:17.853 [info] Added views:workbench.panel.repl.view in workbench.panel.repl
2024-07-12 06:48:17.853 [info] Removed views:workbench.debug.breakPointsView,workbench.debug.callStackView,workbench.debug.watchExpressionsView,workbench.debug.variablesView from workbench.view.debug
2024-07-12 06:48:17.854 [info] Added views:workbench.debug.welcome in workbench.view.debug
2024-07-12 06:48:17.920 [info] Added views:~remote.forwardedPorts in ~remote.forwardedPortsContainer
2024-07-12 06:48:18.177 [info] Added views:projectsExplorerGit in workbench.view.extension.project-manager
2024-07-12 06:48:18.182 [info] Removed views:gitlens.views.workspaces from workbench.view.extension.gitlens
2024-07-12 06:48:18.185 [info] Removed views:gitlens.views.searchAndCompare,gitlens.views.fileHistory,gitlens.views.lineHistory,gitlens.views.commitDetails from workbench.view.extension.gitlensInspect
2024-07-12 06:48:18.186 [info] Removed views:gitlens.views.contributors,gitlens.views.tags,gitlens.views.stashes,gitlens.views.remotes,gitlens.views.branches,gitlens.views.commits from workbench.view.scm
2024-07-12 06:48:20.287 [info] Added views:gitlens.views.drafts,gitlens.views.workspaces in workbench.view.extension.gitlens
2024-07-12 06:48:20.692 [info] Added views:thunder-client-sidebar in workbench.view.extension.thunder-client
