2024-07-03 05:27:25.536 [info] Added views:workbench.panel.markers.view in workbench.panel.markers
2024-07-03 05:27:25.536 [info] Added views:workbench.panel.output in workbench.panel.output
2024-07-03 05:27:25.536 [info] Added views:terminal in terminal
2024-07-03 05:27:25.536 [info] Added views:outline in workbench.view.explorer
2024-07-03 05:27:25.536 [info] Added views:workbench.scm in workbench.view.scm
2024-07-03 05:27:25.536 [info] Added views:workbench.view.search in workbench.view.search
2024-07-03 05:27:25.536 [info] Added views:timeline in workbench.view.explorer
2024-07-03 05:27:25.536 [info] Added views:workbench.explorer.emptyView in workbench.view.explorer
2024-07-03 05:27:25.664 [info] Added views:workbench.debug.variablesView,workbench.debug.watchExpressionsView,workbench.debug.callStackView,workbench.debug.breakPointsView in workbench.view.debug
2024-07-03 05:27:26.483 [info] Added views:projectsExplorerFavorites,projectManagerHelpAndFeedback in workbench.view.extension.project-manager
2024-07-03 05:27:26.484 [info] Added views:gitlens.views.home,gitlens.views.workspaces,gitlens.views.account in workbench.view.extension.gitlens
2024-07-03 05:27:26.485 [info] Added views:gitlens.views.commitDetails,gitlens.views.lineHistory,gitlens.views.fileHistory,gitlens.views.searchAndCompare in workbench.view.extension.gitlensInspect
2024-07-03 05:27:26.485 [info] Added views:gitlens.views.commits,gitlens.views.branches,gitlens.views.remotes,gitlens.views.stashes,gitlens.views.tags,gitlens.views.contributors in workbench.view.scm
2024-07-03 05:27:26.512 [info] Added views:~remote.forwardedPorts in ~remote.forwardedPortsContainer
2024-07-03 05:27:26.619 [info] Added views:workbench.panel.repl.view in workbench.panel.repl
2024-07-03 05:27:26.620 [info] Removed views:workbench.debug.breakPointsView,workbench.debug.callStackView,workbench.debug.watchExpressionsView,workbench.debug.variablesView from workbench.view.debug
2024-07-03 05:27:26.621 [info] Added views:workbench.debug.welcome in workbench.view.debug
2024-07-03 05:27:27.746 [info] Added views:projectsExplorerGit in workbench.view.extension.project-manager
2024-07-03 05:27:27.751 [info] Removed views:gitlens.views.workspaces from workbench.view.extension.gitlens
2024-07-03 05:27:27.754 [info] Removed views:gitlens.views.searchAndCompare,gitlens.views.fileHistory,gitlens.views.lineHistory,gitlens.views.commitDetails from workbench.view.extension.gitlensInspect
2024-07-03 05:27:27.762 [info] Removed views:gitlens.views.contributors,gitlens.views.tags,gitlens.views.stashes,gitlens.views.remotes,gitlens.views.branches,gitlens.views.commits from workbench.view.scm
2024-07-03 05:27:48.669 [info] Added views:workbench.panel.markers.view in workbench.panel.markers
2024-07-03 05:27:48.669 [info] Added views:workbench.panel.output in workbench.panel.output
2024-07-03 05:27:48.669 [info] Added views:terminal in terminal
2024-07-03 05:27:48.669 [info] Added views:outline in workbench.view.explorer
2024-07-03 05:27:48.669 [info] Added views:workbench.scm in workbench.view.scm
2024-07-03 05:27:48.669 [info] Added views:workbench.view.search in workbench.view.search
2024-07-03 05:27:48.669 [info] Added views:timeline in workbench.view.explorer
2024-07-03 05:27:48.669 [info] Added views:workbench.explorer.fileView in workbench.view.explorer
2024-07-03 05:27:48.893 [info] Added views:projectsExplorerFavorites,projectManagerHelpAndFeedback in workbench.view.extension.project-manager
2024-07-03 05:27:48.894 [info] Added views:gitlens.views.home,gitlens.views.workspaces,gitlens.views.account in workbench.view.extension.gitlens
2024-07-03 05:27:48.894 [info] Added views:gitlens.views.commitDetails,gitlens.views.lineHistory,gitlens.views.fileHistory,gitlens.views.searchAndCompare in workbench.view.extension.gitlensInspect
2024-07-03 05:27:48.895 [info] Added views:gitlens.views.commits,gitlens.views.branches,gitlens.views.remotes,gitlens.views.stashes,gitlens.views.tags,gitlens.views.contributors in workbench.view.scm
2024-07-03 05:27:49.084 [info] Added views:workbench.debug.variablesView,workbench.debug.watchExpressionsView,workbench.debug.callStackView,workbench.debug.breakPointsView in workbench.view.debug
2024-07-03 05:27:49.139 [info] Added views:workbench.panel.repl.view in workbench.panel.repl
2024-07-03 05:27:49.142 [info] Removed views:workbench.debug.breakPointsView,workbench.debug.callStackView,workbench.debug.watchExpressionsView,workbench.debug.variablesView from workbench.view.debug
2024-07-03 05:27:49.142 [info] Added views:workbench.debug.welcome in workbench.view.debug
2024-07-03 05:27:49.251 [info] Added views:~remote.forwardedPorts in ~remote.forwardedPortsContainer
2024-07-03 05:27:49.499 [info] Added views:projectsExplorerGit in workbench.view.extension.project-manager
2024-07-03 05:27:49.513 [info] Removed views:gitlens.views.workspaces from workbench.view.extension.gitlens
2024-07-03 05:27:49.517 [info] Removed views:gitlens.views.searchAndCompare,gitlens.views.fileHistory,gitlens.views.lineHistory,gitlens.views.commitDetails from workbench.view.extension.gitlensInspect
2024-07-03 05:27:49.518 [info] Removed views:gitlens.views.contributors,gitlens.views.tags,gitlens.views.stashes,gitlens.views.remotes,gitlens.views.branches,gitlens.views.commits from workbench.view.scm
2024-07-03 05:27:54.715 [info] Added views:gitlens.views.drafts,gitlens.views.workspaces in workbench.view.extension.gitlens
2024-07-03 05:27:54.736 [info] Added views:gitlens.views.graph,gitlens.views.graphDetails in workbench.view.extension.gitlensPanel
2024-07-03 05:27:54.740 [info] Added views:gitlens.views.commitDetails,gitlens.views.lineHistory,gitlens.views.fileHistory,gitlens.views.timeline,gitlens.views.searchAndCompare in workbench.view.extension.gitlensInspect
2024-07-03 05:27:54.741 [info] Added views:gitlens.views.commits,gitlens.views.branches,gitlens.views.remotes,gitlens.views.stashes,gitlens.views.tags,gitlens.views.worktrees,gitlens.views.contributors in workbench.view.scm
2024-07-03 05:27:54.851 [info] Added views:thunder-client-sidebar in workbench.view.extension.thunder-client
2024-07-03 05:29:16.786 [info] Added views:workbench.panel.markers.view in workbench.panel.markers
2024-07-03 05:29:16.786 [info] Added views:workbench.panel.output in workbench.panel.output
2024-07-03 05:29:16.786 [info] Added views:terminal in terminal
2024-07-03 05:29:16.786 [info] Added views:outline in workbench.view.explorer
2024-07-03 05:29:16.786 [info] Added views:workbench.scm in workbench.view.scm
2024-07-03 05:29:16.786 [info] Added views:workbench.view.search in workbench.view.search
2024-07-03 05:29:16.786 [info] Added views:timeline in workbench.view.explorer
2024-07-03 05:29:16.786 [info] Added views:workbench.explorer.fileView in workbench.view.explorer
2024-07-03 05:29:17.005 [info] Added views:projectsExplorerFavorites,projectManagerHelpAndFeedback in workbench.view.extension.project-manager
2024-07-03 05:29:17.006 [info] Added views:gitlens.views.home,gitlens.views.workspaces,gitlens.views.account in workbench.view.extension.gitlens
2024-07-03 05:29:17.006 [info] Added views:gitlens.views.commitDetails,gitlens.views.lineHistory,gitlens.views.fileHistory,gitlens.views.searchAndCompare in workbench.view.extension.gitlensInspect
2024-07-03 05:29:17.006 [info] Added views:gitlens.views.commits,gitlens.views.branches,gitlens.views.remotes,gitlens.views.stashes,gitlens.views.tags,gitlens.views.contributors in workbench.view.scm
2024-07-03 05:29:17.201 [info] Added views:workbench.debug.variablesView,workbench.debug.watchExpressionsView,workbench.debug.callStackView,workbench.debug.breakPointsView in workbench.view.debug
2024-07-03 05:29:17.241 [info] Added views:workbench.panel.repl.view in workbench.panel.repl
2024-07-03 05:29:17.245 [info] Removed views:workbench.debug.breakPointsView,workbench.debug.callStackView,workbench.debug.watchExpressionsView,workbench.debug.variablesView from workbench.view.debug
2024-07-03 05:29:17.245 [info] Added views:workbench.debug.welcome in workbench.view.debug
2024-07-03 05:29:17.379 [info] Added views:~remote.forwardedPorts in ~remote.forwardedPortsContainer
2024-07-03 05:29:17.627 [info] Added views:projectsExplorerGit in workbench.view.extension.project-manager
2024-07-03 05:29:17.656 [info] Removed views:gitlens.views.workspaces from workbench.view.extension.gitlens
2024-07-03 05:29:17.657 [info] Removed views:gitlens.views.searchAndCompare,gitlens.views.fileHistory,gitlens.views.lineHistory,gitlens.views.commitDetails from workbench.view.extension.gitlensInspect
2024-07-03 05:29:17.657 [info] Removed views:gitlens.views.contributors,gitlens.views.tags,gitlens.views.stashes,gitlens.views.remotes,gitlens.views.branches,gitlens.views.commits from workbench.view.scm
2024-07-03 05:29:19.488 [info] Added views:gitlens.views.drafts,gitlens.views.workspaces in workbench.view.extension.gitlens
2024-07-03 05:29:19.633 [info] Added views:thunder-client-sidebar in workbench.view.extension.thunder-client
