2024-07-03 05:27:55.029 [info] Log level: Info
2024-07-03 05:27:55.029 [info] Validating found git in: "git"
2024-07-03 05:27:55.029 [info] Using git "2.34.1" from "git"
2024-07-03 05:27:55.029 [info] > git rev-parse --show-toplevel [6ms]
2024-07-03 05:27:55.039 [info] > git rev-parse --show-toplevel [1ms]
2024-07-03 05:29:19.751 [info] Log level: Info
2024-07-03 05:29:19.751 [info] Validating found git in: "git"
2024-07-03 05:29:19.751 [info] Using git "2.34.1" from "git"
2024-07-03 05:29:19.754 [info] > git rev-parse --show-toplevel [2ms]
2024-07-03 05:29:19.754 [info] fatal: not a git repository (or any of the parent directories): .git
2024-07-03 05:29:19.766 [info] > git rev-parse --show-toplevel [1ms]
2024-07-03 05:29:19.766 [info] fatal: not a git repository (or any of the parent directories): .git
2024-07-03 05:29:19.783 [info] > git rev-parse --show-toplevel [9ms]
2024-07-03 05:29:19.783 [info] fatal: not a git repository (or any of the parent directories): .git
2024-07-03 05:29:19.796 [info] > git rev-parse --show-toplevel [0ms]
2024-07-03 05:29:19.796 [info] fatal: not a git repository (or any of the parent directories): .git
2024-07-03 05:29:19.808 [info] > git rev-parse --show-toplevel [4ms]
2024-07-03 05:29:19.808 [info] fatal: not a git repository (or any of the parent directories): .git
2024-07-03 05:29:19.818 [info] > git rev-parse --show-toplevel [4ms]
2024-07-03 05:29:19.819 [info] fatal: not a git repository (or any of the parent directories): .git
2024-07-03 05:29:19.826 [info] > git rev-parse --show-toplevel [1ms]
2024-07-03 05:29:19.826 [info] fatal: not a git repository (or any of the parent directories): .git
2024-07-03 05:29:19.836 [info] > git rev-parse --show-toplevel [3ms]
2024-07-03 05:29:19.836 [info] fatal: not a git repository (or any of the parent directories): .git
2024-07-03 05:29:19.846 [info] > git rev-parse --show-toplevel [1ms]
2024-07-03 05:29:19.846 [info] fatal: not a git repository (or any of the parent directories): .git
2024-07-03 05:29:19.855 [info] > git rev-parse --show-toplevel [1ms]
2024-07-03 05:29:19.855 [info] fatal: not a git repository (or any of the parent directories): .git
2024-07-03 05:29:19.864 [info] > git rev-parse --show-toplevel [1ms]
2024-07-03 05:29:19.864 [info] fatal: not a git repository (or any of the parent directories): .git
2024-07-03 05:29:19.872 [info] > git rev-parse --show-toplevel [1ms]
2024-07-03 05:29:19.872 [info] fatal: not a git repository (or any of the parent directories): .git
2024-07-03 05:29:19.880 [info] > git rev-parse --show-toplevel [3ms]
2024-07-03 05:29:19.880 [info] fatal: not a git repository (or any of the parent directories): .git
2024-07-03 05:29:19.889 [info] > git rev-parse --show-toplevel [2ms]
2024-07-03 05:29:19.889 [info] fatal: not a git repository (or any of the parent directories): .git
2024-07-03 05:29:19.897 [info] > git rev-parse --show-toplevel [1ms]
2024-07-03 05:29:19.897 [info] fatal: not a git repository (or any of the parent directories): .git
2024-07-03 05:29:19.905 [info] > git rev-parse --show-toplevel [1ms]
2024-07-03 05:29:19.905 [info] fatal: not a git repository (or any of the parent directories): .git
2024-07-03 05:29:19.913 [info] > git rev-parse --show-toplevel [1ms]
2024-07-03 05:29:19.913 [info] fatal: not a git repository (or any of the parent directories): .git
2024-07-03 05:30:12.679 [info] > git rev-parse --show-toplevel [1ms]
2024-07-03 05:30:12.679 [info] fatal: not a git repository (or any of the parent directories): .git
2024-07-03 06:01:59.877 [info] > git rev-parse --show-toplevel [2ms]
2024-07-03 06:01:59.877 [info] fatal: not a git repository (or any of the parent directories): .git
2024-07-03 06:11:40.886 [info] > git rev-parse --show-toplevel [2ms]
2024-07-03 06:11:40.886 [info] fatal: not a git repository (or any of the parent directories): .git
2024-07-03 06:13:34.407 [info] > git rev-parse --show-toplevel [1ms]
2024-07-03 06:13:34.407 [info] fatal: not a git repository (or any of the parent directories): .git
2024-07-03 06:15:01.095 [info] > git rev-parse --show-toplevel [3ms]
2024-07-03 06:15:01.095 [info] fatal: not a git repository (or any of the parent directories): .git
2024-07-03 06:15:09.711 [info] > git rev-parse --show-toplevel [1ms]
2024-07-03 06:15:09.711 [info] fatal: not a git repository (or any of the parent directories): .git
2024-07-03 06:15:11.692 [info] > git rev-parse --show-toplevel [1ms]
2024-07-03 06:15:11.692 [info] fatal: not a git repository (or any of the parent directories): .git
2024-07-03 06:21:31.200 [info] > git rev-parse --show-toplevel [4ms]
2024-07-03 06:21:31.200 [info] fatal: not a git repository (or any of the parent directories): .git
2024-07-03 06:21:43.824 [info] > git rev-parse --show-toplevel [2ms]
2024-07-03 06:21:43.824 [info] fatal: not a git repository (or any of the parent directories): .git
2024-07-03 06:22:50.666 [info] > git rev-parse --show-toplevel [2ms]
2024-07-03 06:22:50.666 [info] fatal: not a git repository (or any of the parent directories): .git
2024-07-03 06:24:21.065 [info] > git rev-parse --show-toplevel [1ms]
2024-07-03 06:24:21.065 [info] fatal: not a git repository (or any of the parent directories): .git
2024-07-03 06:24:27.707 [info] > git rev-parse --show-toplevel [2ms]
2024-07-03 06:24:27.707 [info] fatal: not a git repository (or any of the parent directories): .git
2024-07-03 11:21:10.374 [info] > git rev-parse --show-toplevel [5ms]
2024-07-03 11:21:10.374 [info] fatal: not a git repository (or any of the parent directories): .git
2024-07-03 11:23:02.738 [info] > git rev-parse --show-toplevel [1ms]
2024-07-03 11:23:02.738 [info] fatal: not a git repository (or any of the parent directories): .git
2024-07-03 11:24:48.043 [info] > git rev-parse --show-toplevel [2ms]
2024-07-03 11:24:48.045 [info] fatal: not a git repository (or any of the parent directories): .git
2024-07-03 11:25:25.826 [info] > git rev-parse --show-toplevel [2ms]
2024-07-03 11:25:25.826 [info] fatal: not a git repository (or any of the parent directories): .git
2024-07-03 11:26:36.151 [info] > git rev-parse --show-toplevel [2ms]
2024-07-03 11:26:36.151 [info] fatal: not a git repository (or any of the parent directories): .git
2024-07-03 11:52:25.524 [info] > git rev-parse --show-toplevel [1ms]
2024-07-03 11:52:25.524 [info] fatal: not a git repository (or any of the parent directories): .git
2024-07-03 11:52:27.011 [info] > git rev-parse --show-toplevel [2ms]
2024-07-03 11:52:27.011 [info] fatal: not a git repository (or any of the parent directories): .git
