2024-07-03 05:27:28.016 [info] Reading sessions from keychain...
2024-07-03 05:27:28.016 [info] Getting sessions for all scopes...
2024-07-03 05:27:28.016 [info] Got 0 sessions for ...
2024-07-03 05:27:28.016 [info] Getting sessions for all scopes...
2024-07-03 05:27:28.016 [info] Got 0 sessions for ...
2024-07-03 05:27:28.016 [info] Getting sessions for read:user,repo,user:email...
2024-07-03 05:27:28.016 [info] Got 0 sessions for read:user,repo,user:email...
2024-07-03 05:27:49.680 [info] Reading sessions from keychain...
2024-07-03 05:27:49.680 [info] Getting sessions for all scopes...
2024-07-03 05:27:49.680 [info] Got 0 sessions for ...
2024-07-03 05:27:49.680 [info] Getting sessions for all scopes...
2024-07-03 05:27:49.680 [info] Got 0 sessions for ...
2024-07-03 05:27:49.680 [info] Getting sessions for read:user,repo,user:email...
2024-07-03 05:27:49.680 [info] Got 0 sessions for read:user,repo,user:email...
2024-07-03 05:29:17.812 [info] Reading sessions from keychain...
2024-07-03 05:29:17.831 [info] Getting sessions for all scopes...
2024-07-03 05:29:17.831 [info] Got 0 sessions for ...
2024-07-03 05:29:17.834 [info] Getting sessions for read:user,repo,user:email...
2024-07-03 05:29:17.834 [info] Got 0 sessions for read:user,repo,user:email...
2024-07-03 05:29:17.838 [info] Getting sessions for all scopes...
2024-07-03 05:29:17.838 [info] Got 0 sessions for ...
