2024-07-12 07:22:24.162 [info] Extension host with pid 150221 started
2024-07-12 07:22:24.202 [info] ExtensionService#_doActivateExtension vscode.git-base, startup: true, activationEvent: '*', root cause: vscode.git
2024-07-12 07:22:24.221 [info] ExtensionService#_doActivateExtension vscode.git, startup: true, activationEvent: '*'
2024-07-12 07:22:24.242 [info] ExtensionService#_doActivateExtension vscode.github, startup: true, activationEvent: '*'
2024-07-12 07:22:24.299 [info] Eager extensions activated
2024-07-12 07:22:24.309 [info] ExtensionService#_doActivateExtension vscode.debug-auto-launch, startup: false, activationEvent: 'onStartupFinished'
2024-07-12 07:22:24.310 [info] ExtensionService#_doActivateExtension vscode.merge-conflict, startup: false, activationEvent: 'onStartupFinished'
2024-07-12 07:22:24.317 [info] ExtensionService#_doActivateExtension alefragnani.project-manager, startup: false, activationEvent: 'onStartupFinished'
2024-07-12 07:22:24.321 [info] ExtensionService#_doActivateExtension dsznajder.es7-react-js-snippets, startup: false, activationEvent: 'onStartupFinished'
2024-07-12 07:22:24.515 [info] ExtensionService#_doActivateExtension eamodio.gitlens, startup: false, activationEvent: 'onStartupFinished'
2024-07-12 07:22:24.554 [info] ExtensionService#_doActivateExtension esbenp.prettier-vscode, startup: false, activationEvent: 'onStartupFinished'
2024-07-12 07:22:24.760 [info] ExtensionService#_doActivateExtension vscode.github-authentication, startup: false, activationEvent: 'onAuthenticationRequest:github'
2024-07-12 07:22:38.045 [info] Extension host terminating: renderer closed the MessagePort
2024-07-12 07:22:38.071 [error] Canceled: Canceled
	at new g (/usr/share/code/resources/app/out/vs/workbench/api/node/extensionHostProcess.js:141:110274)
	at l.U (/usr/share/code/resources/app/out/vs/workbench/api/node/extensionHostProcess.js:150:10866)
	at P.<computed>.j.charCodeAt.P.<computed> (/usr/share/code/resources/app/out/vs/workbench/api/node/extensionHostProcess.js:150:8317)
	at d.g (/usr/share/code/resources/app/out/vs/workbench/api/node/extensionHostProcess.js:141:139555)
	at d.executeCommand (/usr/share/code/resources/app/out/vs/workbench/api/node/extensionHostProcess.js:141:138993)
	at p.registerCommand.description (/usr/share/code/resources/app/out/vs/workbench/api/node/extensionHostProcess.js:141:138317)
	at d.h (/usr/share/code/resources/app/out/vs/workbench/api/node/extensionHostProcess.js:141:140094)
	at d.g (/usr/share/code/resources/app/out/vs/workbench/api/node/extensionHostProcess.js:141:139086)
	at d.executeCommand (/usr/share/code/resources/app/out/vs/workbench/api/node/extensionHostProcess.js:141:138993)
	at Object.executeCommand (/usr/share/code/resources/app/out/vs/workbench/api/node/extensionHostProcess.js:158:21333)
	at w (/root/.vscode/extensions/eamodio.gitlens-15.2.0/dist/gitlens.js:1455:39724)
	at c (/root/.vscode/extensions/eamodio.gitlens-15.2.0/dist/gitlens.js:1455:44783)
	at ActionRunners._updateContextKeys (/root/.vscode/extensions/eamodio.gitlens-15.2.0/dist/gitlens.js:1101:18425)
	at s (/root/.vscode/extensions/eamodio.gitlens-15.2.0/dist/gitlens.js:1101:16869)
	at RegisteredActionRunner.unregister (/root/.vscode/extensions/eamodio.gitlens-15.2.0/dist/gitlens.js:1101:17012)
	at RegisteredActionRunner.dispose (/root/.vscode/extensions/eamodio.gitlens-15.2.0/dist/gitlens.js:1101:15665)
	at ActionRunners.dispose (/root/.vscode/extensions/eamodio.gitlens-15.2.0/dist/gitlens.js:1101:16452)
	at /root/.vscode/extensions/eamodio.gitlens-15.2.0/dist/gitlens.js:1414:20154
	at Array.forEach (<anonymous>)
	at Object.dispose (/root/.vscode/extensions/eamodio.gitlens-15.2.0/dist/gitlens.js:1414:20136)
	at s (/usr/share/code/resources/app/out/vs/workbench/api/node/extensionHostProcess.js:30:754)
	at f.cb (/usr/share/code/resources/app/out/vs/workbench/api/node/extensionHostProcess.js:154:9873)
	at /usr/share/code/resources/app/out/vs/workbench/api/node/extensionHostProcess.js:154:7808
	at Array.map (<anonymous>)
	at f.Y (/usr/share/code/resources/app/out/vs/workbench/api/node/extensionHostProcess.js:154:7795)
	at f.terminate (/usr/share/code/resources/app/out/vs/workbench/api/node/extensionHostProcess.js:154:8068)
	at s.terminate (/usr/share/code/resources/app/out/vs/workbench/api/node/extensionHostProcess.js:158:1513)
	at a (/usr/share/code/resources/app/out/vs/workbench/api/node/extensionHostProcess.js:171:9802)
	at MessagePortMain.<anonymous> (/usr/share/code/resources/app/out/vs/workbench/api/node/extensionHostProcess.js:171:6227)
	at MessagePortMain.emit (node:events:513:28)
	at MessagePortMain._internalPort.emit (node:electron/js2c/utility_init:2:367) setContext undefined
2024-07-12 07:22:38.071 [error] Canceled: Canceled
	at new g (/usr/share/code/resources/app/out/vs/workbench/api/node/extensionHostProcess.js:141:110274)
	at l.U (/usr/share/code/resources/app/out/vs/workbench/api/node/extensionHostProcess.js:150:10866)
	at P.<computed>.j.charCodeAt.P.<computed> (/usr/share/code/resources/app/out/vs/workbench/api/node/extensionHostProcess.js:150:8317)
	at d.g (/usr/share/code/resources/app/out/vs/workbench/api/node/extensionHostProcess.js:141:139555)
	at d.executeCommand (/usr/share/code/resources/app/out/vs/workbench/api/node/extensionHostProcess.js:141:138993)
	at p.registerCommand.description (/usr/share/code/resources/app/out/vs/workbench/api/node/extensionHostProcess.js:141:138317)
	at d.h (/usr/share/code/resources/app/out/vs/workbench/api/node/extensionHostProcess.js:141:140094)
	at d.g (/usr/share/code/resources/app/out/vs/workbench/api/node/extensionHostProcess.js:141:139086)
	at d.executeCommand (/usr/share/code/resources/app/out/vs/workbench/api/node/extensionHostProcess.js:141:138993)
	at Object.executeCommand (/usr/share/code/resources/app/out/vs/workbench/api/node/extensionHostProcess.js:158:21333)
	at w (/root/.vscode/extensions/eamodio.gitlens-15.2.0/dist/gitlens.js:1455:39724)
	at c (/root/.vscode/extensions/eamodio.gitlens-15.2.0/dist/gitlens.js:1455:44783)
	at ActionRunners._updateContextKeys (/root/.vscode/extensions/eamodio.gitlens-15.2.0/dist/gitlens.js:1101:18425)
	at s (/root/.vscode/extensions/eamodio.gitlens-15.2.0/dist/gitlens.js:1101:16869)
	at RegisteredActionRunner.unregister (/root/.vscode/extensions/eamodio.gitlens-15.2.0/dist/gitlens.js:1101:17012)
	at RegisteredActionRunner.dispose (/root/.vscode/extensions/eamodio.gitlens-15.2.0/dist/gitlens.js:1101:15665)
	at ActionRunners.dispose (/root/.vscode/extensions/eamodio.gitlens-15.2.0/dist/gitlens.js:1101:16452)
	at /root/.vscode/extensions/eamodio.gitlens-15.2.0/dist/gitlens.js:1414:20154
	at Array.forEach (<anonymous>)
	at Object.dispose (/root/.vscode/extensions/eamodio.gitlens-15.2.0/dist/gitlens.js:1414:20136)
	at s (/usr/share/code/resources/app/out/vs/workbench/api/node/extensionHostProcess.js:30:754)
	at f.cb (/usr/share/code/resources/app/out/vs/workbench/api/node/extensionHostProcess.js:154:9873)
	at /usr/share/code/resources/app/out/vs/workbench/api/node/extensionHostProcess.js:154:7808
	at Array.map (<anonymous>)
	at f.Y (/usr/share/code/resources/app/out/vs/workbench/api/node/extensionHostProcess.js:154:7795)
	at f.terminate (/usr/share/code/resources/app/out/vs/workbench/api/node/extensionHostProcess.js:154:8068)
	at s.terminate (/usr/share/code/resources/app/out/vs/workbench/api/node/extensionHostProcess.js:158:1513)
	at a (/usr/share/code/resources/app/out/vs/workbench/api/node/extensionHostProcess.js:171:9802)
	at MessagePortMain.<anonymous> (/usr/share/code/resources/app/out/vs/workbench/api/node/extensionHostProcess.js:171:6227)
	at MessagePortMain.emit (node:events:513:28)
	at MessagePortMain._internalPort.emit (node:electron/js2c/utility_init:2:367) setContext undefined
2024-07-12 07:22:38.071 [error] Canceled: Canceled
	at new g (/usr/share/code/resources/app/out/vs/workbench/api/node/extensionHostProcess.js:141:110274)
	at l.U (/usr/share/code/resources/app/out/vs/workbench/api/node/extensionHostProcess.js:150:10866)
	at P.<computed>.j.charCodeAt.P.<computed> (/usr/share/code/resources/app/out/vs/workbench/api/node/extensionHostProcess.js:150:8317)
	at d.g (/usr/share/code/resources/app/out/vs/workbench/api/node/extensionHostProcess.js:141:139555)
	at d.executeCommand (/usr/share/code/resources/app/out/vs/workbench/api/node/extensionHostProcess.js:141:138993)
	at p.registerCommand.description (/usr/share/code/resources/app/out/vs/workbench/api/node/extensionHostProcess.js:141:138317)
	at d.h (/usr/share/code/resources/app/out/vs/workbench/api/node/extensionHostProcess.js:141:140094)
	at d.g (/usr/share/code/resources/app/out/vs/workbench/api/node/extensionHostProcess.js:141:139086)
	at d.executeCommand (/usr/share/code/resources/app/out/vs/workbench/api/node/extensionHostProcess.js:141:138993)
	at Object.executeCommand (/usr/share/code/resources/app/out/vs/workbench/api/node/extensionHostProcess.js:158:21333)
	at w (/root/.vscode/extensions/eamodio.gitlens-15.2.0/dist/gitlens.js:1455:39724)
	at c (/root/.vscode/extensions/eamodio.gitlens-15.2.0/dist/gitlens.js:1455:44783)
	at ActionRunners._updateContextKeys (/root/.vscode/extensions/eamodio.gitlens-15.2.0/dist/gitlens.js:1101:18425)
	at s (/root/.vscode/extensions/eamodio.gitlens-15.2.0/dist/gitlens.js:1101:16869)
	at RegisteredActionRunner.unregister (/root/.vscode/extensions/eamodio.gitlens-15.2.0/dist/gitlens.js:1101:17012)
	at RegisteredActionRunner.dispose (/root/.vscode/extensions/eamodio.gitlens-15.2.0/dist/gitlens.js:1101:15665)
	at ActionRunners.dispose (/root/.vscode/extensions/eamodio.gitlens-15.2.0/dist/gitlens.js:1101:16452)
	at /root/.vscode/extensions/eamodio.gitlens-15.2.0/dist/gitlens.js:1414:20154
	at Array.forEach (<anonymous>)
	at Object.dispose (/root/.vscode/extensions/eamodio.gitlens-15.2.0/dist/gitlens.js:1414:20136)
	at s (/usr/share/code/resources/app/out/vs/workbench/api/node/extensionHostProcess.js:30:754)
	at f.cb (/usr/share/code/resources/app/out/vs/workbench/api/node/extensionHostProcess.js:154:9873)
	at /usr/share/code/resources/app/out/vs/workbench/api/node/extensionHostProcess.js:154:7808
	at Array.map (<anonymous>)
	at f.Y (/usr/share/code/resources/app/out/vs/workbench/api/node/extensionHostProcess.js:154:7795)
	at f.terminate (/usr/share/code/resources/app/out/vs/workbench/api/node/extensionHostProcess.js:154:8068)
	at s.terminate (/usr/share/code/resources/app/out/vs/workbench/api/node/extensionHostProcess.js:158:1513)
	at a (/usr/share/code/resources/app/out/vs/workbench/api/node/extensionHostProcess.js:171:9802)
	at MessagePortMain.<anonymous> (/usr/share/code/resources/app/out/vs/workbench/api/node/extensionHostProcess.js:171:6227)
	at MessagePortMain.emit (node:events:513:28)
	at MessagePortMain._internalPort.emit (node:electron/js2c/utility_init:2:367) setContext undefined
2024-07-12 07:22:38.071 [info] Extension host with pid 150221 exiting with code 0
2024-07-12 07:22:39.031 [info] Extension host with pid 150298 started
2024-07-12 07:22:39.031 [info] Skipping acquiring lock for /root/aws-iac-02-cdk-intro-s3/exercises/priyanka-gigs-s3/User/workspaceStorage/475bdc7e31bc3479053efa5a11c2e1b0.
2024-07-12 07:22:39.052 [info] ExtensionService#_doActivateExtension vscode.git-base, startup: true, activationEvent: '*'
2024-07-12 07:22:39.105 [info] ExtensionService#_doActivateExtension vscode.github, startup: true, activationEvent: '*'
2024-07-12 07:22:39.125 [info] Eager extensions activated
2024-07-12 07:22:39.130 [info] ExtensionService#_doActivateExtension vscode.debug-auto-launch, startup: false, activationEvent: 'onStartupFinished'
2024-07-12 07:22:39.131 [info] ExtensionService#_doActivateExtension vscode.merge-conflict, startup: false, activationEvent: 'onStartupFinished'
2024-07-12 07:22:39.135 [info] ExtensionService#_doActivateExtension alefragnani.project-manager, startup: false, activationEvent: 'onStartupFinished'
2024-07-12 07:22:39.141 [info] ExtensionService#_doActivateExtension dsznajder.es7-react-js-snippets, startup: false, activationEvent: 'onStartupFinished'
2024-07-12 07:22:39.327 [info] ExtensionService#_doActivateExtension eamodio.gitlens, startup: false, activationEvent: 'onStartupFinished'
2024-07-12 07:22:39.370 [info] ExtensionService#_doActivateExtension esbenp.prettier-vscode, startup: false, activationEvent: 'onStartupFinished'
2024-07-12 07:22:39.581 [info] ExtensionService#_doActivateExtension vscode.github-authentication, startup: false, activationEvent: 'onAuthenticationRequest:github'
2024-07-12 07:22:47.040 [info] ExtensionService#_doActivateExtension vscode.typescript-language-features, startup: false, activationEvent: 'onLanguage:typescript'
2024-07-12 07:22:47.074 [info] ExtensionService#_doActivateExtension vscode.emmet, startup: false, activationEvent: 'onLanguage'
